{"D:\\pet-projects\\react-study\\React-study-rs-school\\src\\components\\button\\index.tsx": {"path":"D:\\pet-projects\\react-study\\React-study-rs-school\\src\\components\\button\\index.tsx","statementMap":{"0":{"start":{"line":1,"column":0},"end":{"line":1,"column":28}},"1":{"start":{"line":3,"column":0},"end":{"line":3,"column":38}},"2":{"start":{"line":5,"column":22},"end":{"line":8,"column":null}},"3":{"start":{"line":6,"column":2},"end":{"line":7,"column":null}},"4":{"start":{"line":5,"column":13},"end":{"line":5,"column":22}}},"fnMap":{"0":{"name":"(anonymous_0)","decl":{"start":{"line":5,"column":22},"end":{"line":5,"column":23}},"loc":{"start":{"line":6,"column":2},"end":{"line":7,"column":null}}}},"branchMap":{},"s":{"0":1,"1":1,"2":1,"3":33,"4":1},"f":{"0":33},"b":{}}
,"D:\\pet-projects\\react-study\\React-study-rs-school\\src\\components\\input\\index.tsx": {"path":"D:\\pet-projects\\react-study\\React-study-rs-school\\src\\components\\input\\index.tsx","statementMap":{"0":{"start":{"line":1,"column":0},"end":{"line":1,"column":49}},"1":{"start":{"line":2,"column":0},"end":{"line":2,"column":28}},"2":{"start":{"line":4,"column":0},"end":{"line":4,"column":40}},"3":{"start":{"line":6,"column":13},"end":{"line":13,"column":3}},"4":{"start":{"line":7,"column":47},"end":{"line":7,"column":52}},"5":{"start":{"line":8,"column":18},"end":{"line":11,"column":4}},"6":{"start":{"line":12,"column":2},"end":{"line":12,"column":72}},"7":{"start":{"line":14,"column":0},"end":{"line":14,"column":37}}},"fnMap":{"0":{"name":"(anonymous_0)","decl":{"start":{"line":6,"column":32},"end":{"line":6,"column":33}},"loc":{"start":{"line":6,"column":92},"end":{"line":13,"column":1}}}},"branchMap":{},"s":{"0":1,"1":1,"2":1,"3":1,"4":40,"5":40,"6":40,"7":1},"f":{"0":40},"b":{}}
,"D:\\pet-projects\\react-study\\React-study-rs-school\\src\\components\\sprite\\sprite.tsx": {"path":"D:\\pet-projects\\react-study\\React-study-rs-school\\src\\components\\sprite\\sprite.tsx","statementMap":{"0":{"start":{"line":1,"column":22},"end":{"line":15,"column":null}},"1":{"start":{"line":2,"column":2},"end":{"line":14,"column":null}},"2":{"start":{"line":1,"column":13},"end":{"line":1,"column":22}}},"fnMap":{"0":{"name":"(anonymous_0)","decl":{"start":{"line":1,"column":22},"end":{"line":1,"column":25}},"loc":{"start":{"line":2,"column":2},"end":{"line":14,"column":null}}}},"branchMap":{},"s":{"0":1,"1":7,"2":1},"f":{"0":7},"b":{}}
,"D:\\pet-projects\\react-study\\React-study-rs-school\\src\\components\\svg\\index.tsx": {"path":"D:\\pet-projects\\react-study\\React-study-rs-school\\src\\components\\svg\\index.tsx","statementMap":{"0":{"start":{"line":2,"column":0},"end":{"line":2,"column":38}},"1":{"start":{"line":4,"column":19},"end":{"line":7,"column":null}},"2":{"start":{"line":5,"column":2},"end":{"line":6,"column":null}},"3":{"start":{"line":4,"column":13},"end":{"line":4,"column":19}}},"fnMap":{"0":{"name":"(anonymous_0)","decl":{"start":{"line":4,"column":19},"end":{"line":4,"column":20}},"loc":{"start":{"line":5,"column":2},"end":{"line":6,"column":null}}}},"branchMap":{},"s":{"0":1,"1":1,"2":33,"3":1},"f":{"0":33},"b":{}}
,"D:\\pet-projects\\react-study\\React-study-rs-school\\src\\pages\\main\\index.tsx": {"path":"D:\\pet-projects\\react-study\\React-study-rs-school\\src\\pages\\main\\index.tsx","statementMap":{"0":{"start":{"line":1,"column":0},"end":{"line":1,"column":65}},"1":{"start":{"line":2,"column":0},"end":{"line":2,"column":41}},"2":{"start":{"line":3,"column":0},"end":{"line":3,"column":50}},"3":{"start":{"line":4,"column":0},"end":{"line":4,"column":51}},"4":{"start":{"line":5,"column":0},"end":{"line":5,"column":58}},"5":{"start":{"line":8,"column":0},"end":{"line":8,"column":59}},"6":{"start":{"line":9,"column":0},"end":{"line":9,"column":55}},"7":{"start":{"line":10,"column":0},"end":{"line":10,"column":92}},"8":{"start":{"line":11,"column":0},"end":{"line":11,"column":62}},"9":{"start":{"line":12,"column":0},"end":{"line":12,"column":52}},"10":{"start":{"line":13,"column":0},"end":{"line":13,"column":39}},"11":{"start":{"line":15,"column":20},"end":{"line":49,"column":1}},"12":{"start":{"line":16,"column":28},"end":{"line":20,"column":4}},"13":{"start":{"line":21,"column":27},"end":{"line":24,"column":3}},"14":{"start":{"line":22,"column":25},"end":{"line":22,"column":77}},"15":{"start":{"line":23,"column":4},"end":{"line":23,"column":82}},"16":{"start":{"line":26,"column":21},"end":{"line":26,"column":46}},"17":{"start":{"line":28,"column":2},"end":{"line":28,"column":69}},"18":{"start":{"line":28,"column":18},"end":{"line":28,"column":63}},"19":{"start":{"line":28,"column":24},"end":{"line":28,"column":63}},"20":{"start":{"line":30,"column":2},"end":{"line":32,"column":14}},"21":{"start":{"line":31,"column":4},"end":{"line":31,"column":43}},"22":{"start":{"line":34,"column":2},"end":{"line":48,"column":4}},"23":{"start":{"line":15,"column":13},"end":{"line":15,"column":20}}},"fnMap":{"0":{"name":"(anonymous_0)","decl":{"start":{"line":15,"column":20},"end":{"line":15,"column":21}},"loc":{"start":{"line":15,"column":52},"end":{"line":49,"column":1}}},"1":{"name":"(anonymous_1)","decl":{"start":{"line":21,"column":27},"end":{"line":21,"column":28}},"loc":{"start":{"line":21,"column":64},"end":{"line":24,"column":3}}},"2":{"name":"(anonymous_2)","decl":{"start":{"line":28,"column":12},"end":{"line":28,"column":15}},"loc":{"start":{"line":28,"column":18},"end":{"line":28,"column":63}}},"3":{"name":"(anonymous_3)","decl":{"start":{"line":28,"column":18},"end":{"line":28,"column":21}},"loc":{"start":{"line":28,"column":24},"end":{"line":28,"column":63}}},"4":{"name":"(anonymous_4)","decl":{"start":{"line":30,"column":12},"end":{"line":30,"column":15}},"loc":{"start":{"line":30,"column":17},"end":{"line":32,"column":3}}}},"branchMap":{},"s":{"0":1,"1":1,"2":1,"3":1,"4":1,"5":1,"6":1,"7":1,"8":1,"9":1,"10":1,"11":1,"12":7,"13":7,"14":3,"15":3,"16":7,"17":7,"18":4,"19":4,"20":7,"21":7,"22":7,"23":1},"f":{"0":7,"1":3,"2":4,"3":4,"4":7},"b":{}}
,"D:\\pet-projects\\react-study\\React-study-rs-school\\src\\pages\\main\\components\\Card\\index.tsx": {"path":"D:\\pet-projects\\react-study\\React-study-rs-school\\src\\pages\\main\\components\\Card\\index.tsx","statementMap":{"0":{"start":{"line":2,"column":0},"end":{"line":2,"column":47}},"1":{"start":{"line":3,"column":0},"end":{"line":3,"column":43}},"2":{"start":{"line":4,"column":0},"end":{"line":4,"column":55}},"3":{"start":{"line":5,"column":0},"end":{"line":5,"column":47}},"4":{"start":{"line":6,"column":0},"end":{"line":6,"column":39}},"5":{"start":{"line":8,"column":20},"end":{"line":24,"column":1}},"6":{"start":{"line":9,"column":48},"end":{"line":9,"column":52}},"7":{"start":{"line":10,"column":2},"end":{"line":23,"column":4}},"8":{"start":{"line":8,"column":13},"end":{"line":8,"column":20}}},"fnMap":{"0":{"name":"(anonymous_0)","decl":{"start":{"line":8,"column":20},"end":{"line":8,"column":21}},"loc":{"start":{"line":8,"column":45},"end":{"line":24,"column":1}}}},"branchMap":{},"s":{"0":1,"1":1,"2":1,"3":1,"4":1,"5":1,"6":33,"7":33,"8":1},"f":{"0":33},"b":{}}
,"D:\\pet-projects\\react-study\\React-study-rs-school\\src\\pages\\main\\components\\Card\\components\\about.tsx": {"path":"D:\\pet-projects\\react-study\\React-study-rs-school\\src\\pages\\main\\components\\Card\\components\\about.tsx","statementMap":{"0":{"start":{"line":2,"column":0},"end":{"line":2,"column":45}},"1":{"start":{"line":4,"column":25},"end":{"line":11,"column":null}},"2":{"start":{"line":5,"column":2},"end":{"line":10,"column":null}},"3":{"start":{"line":4,"column":13},"end":{"line":4,"column":25}}},"fnMap":{"0":{"name":"(anonymous_0)","decl":{"start":{"line":4,"column":25},"end":{"line":4,"column":26}},"loc":{"start":{"line":5,"column":2},"end":{"line":10,"column":null}}}},"branchMap":{},"s":{"0":1,"1":1,"2":33,"3":1},"f":{"0":33},"b":{}}
,"D:\\pet-projects\\react-study\\React-study-rs-school\\src\\pages\\main\\components\\Card\\components\\audio\\index.tsx": {"path":"D:\\pet-projects\\react-study\\React-study-rs-school\\src\\pages\\main\\components\\Card\\components\\audio\\index.tsx","statementMap":{"0":{"start":{"line":1,"column":0},"end":{"line":1,"column":43}},"1":{"start":{"line":2,"column":0},"end":{"line":2,"column":37}},"2":{"start":{"line":3,"column":0},"end":{"line":3,"column":34}},"3":{"start":{"line":4,"column":0},"end":{"line":4,"column":64}},"4":{"start":{"line":5,"column":0},"end":{"line":5,"column":40}},"5":{"start":{"line":7,"column":0},"end":{"line":7,"column":37}},"6":{"start":{"line":11,"column":4},"end":{"line":11,"column":17}},"7":{"start":{"line":12,"column":4},"end":{"line":14,"column":6}},"8":{"start":{"line":17,"column":16},"end":{"line":20,"column":3}},"9":{"start":{"line":18,"column":25},"end":{"line":18,"column":35}},"10":{"start":{"line":19,"column":4},"end":{"line":19,"column":43}},"11":{"start":{"line":23,"column":25},"end":{"line":23,"column":35}},"12":{"start":{"line":24,"column":4},"end":{"line":31,"column":6}},"13":{"start":{"line":9,"column":0},"end":{"line":9,"column":13}}},"fnMap":{"0":{"name":"(anonymous_0)","decl":{"start":{"line":10,"column":2},"end":{"line":10,"column":14}},"loc":{"start":{"line":10,"column":38},"end":{"line":15,"column":3}}},"1":{"name":"(anonymous_1)","decl":{"start":{"line":17,"column":16},"end":{"line":17,"column":19}},"loc":{"start":{"line":17,"column":21},"end":{"line":20,"column":3}}},"2":{"name":"(anonymous_2)","decl":{"start":{"line":22,"column":2},"end":{"line":22,"column":8}},"loc":{"start":{"line":22,"column":8},"end":{"line":32,"column":3}}}},"branchMap":{"0":{"loc":{"start":{"line":27,"column":19},"end":{"line":27,"column":54}},"type":"cond-expr","locations":[{"start":{"line":27,"column":30},"end":{"line":27,"column":41}},{"start":{"line":27,"column":44},"end":{"line":27,"column":54}}]}},"s":{"0":1,"1":1,"2":1,"3":1,"4":1,"5":1,"6":29,"7":29,"8":29,"9":0,"10":0,"11":33,"12":33,"13":1},"f":{"0":29,"1":0,"2":33},"b":{"0":[0,33]}}
,"D:\\pet-projects\\react-study\\React-study-rs-school\\src\\pages\\main\\components\\Card\\components\\control\\index.tsx": {"path":"D:\\pet-projects\\react-study\\React-study-rs-school\\src\\pages\\main\\components\\Card\\components\\control\\index.tsx","statementMap":{"0":{"start":{"line":1,"column":0},"end":{"line":1,"column":41}},"1":{"start":{"line":2,"column":0},"end":{"line":2,"column":51}},"2":{"start":{"line":3,"column":0},"end":{"line":3,"column":58}},"3":{"start":{"line":4,"column":0},"end":{"line":4,"column":42}},"4":{"start":{"line":6,"column":23},"end":{"line":13,"column":null}},"5":{"start":{"line":7,"column":2},"end":{"line":12,"column":null}},"6":{"start":{"line":6,"column":13},"end":{"line":6,"column":23}}},"fnMap":{"0":{"name":"(anonymous_0)","decl":{"start":{"line":6,"column":23},"end":{"line":6,"column":24}},"loc":{"start":{"line":7,"column":2},"end":{"line":12,"column":null}}}},"branchMap":{},"s":{"0":1,"1":1,"2":1,"3":1,"4":1,"5":33,"6":1},"f":{"0":33},"b":{}}
,"D:\\pet-projects\\react-study\\React-study-rs-school\\src\\pages\\main\\components\\Card\\components\\description\\index.tsx": {"path":"D:\\pet-projects\\react-study\\React-study-rs-school\\src\\pages\\main\\components\\Card\\components\\description\\index.tsx","statementMap":{"0":{"start":{"line":2,"column":0},"end":{"line":2,"column":46}},"1":{"start":{"line":4,"column":27},"end":{"line":4,"column":111}},"2":{"start":{"line":4,"column":66},"end":{"line":4,"column":111}},"3":{"start":{"line":4,"column":13},"end":{"line":4,"column":27}}},"fnMap":{"0":{"name":"(anonymous_0)","decl":{"start":{"line":4,"column":27},"end":{"line":4,"column":28}},"loc":{"start":{"line":4,"column":66},"end":{"line":4,"column":111}}}},"branchMap":{},"s":{"0":1,"1":1,"2":33,"3":1},"f":{"0":33},"b":{}}
,"D:\\pet-projects\\react-study\\React-study-rs-school\\src\\pages\\main\\components\\Card\\components\\image\\index.tsx": {"path":"D:\\pet-projects\\react-study\\React-study-rs-school\\src\\pages\\main\\components\\Card\\components\\image\\index.tsx","statementMap":{"0":{"start":{"line":2,"column":0},"end":{"line":2,"column":40}},"1":{"start":{"line":4,"column":25},"end":{"line":5,"column":null}},"2":{"start":{"line":5,"column":2},"end":{"line":5,"column":66}},"3":{"start":{"line":4,"column":13},"end":{"line":4,"column":25}}},"fnMap":{"0":{"name":"(anonymous_0)","decl":{"start":{"line":4,"column":25},"end":{"line":4,"column":26}},"loc":{"start":{"line":5,"column":2},"end":{"line":5,"column":66}}}},"branchMap":{},"s":{"0":1,"1":1,"2":33,"3":1},"f":{"0":33},"b":{}}
,"D:\\pet-projects\\react-study\\React-study-rs-school\\src\\pages\\main\\components\\card-block\\index.tsx": {"path":"D:\\pet-projects\\react-study\\React-study-rs-school\\src\\pages\\main\\components\\card-block\\index.tsx","statementMap":{"0":{"start":{"line":2,"column":0},"end":{"line":2,"column":45}},"1":{"start":{"line":3,"column":0},"end":{"line":3,"column":31}},"2":{"start":{"line":5,"column":25},"end":{"line":10,"column":null}},"3":{"start":{"line":6,"column":2},"end":{"line":9,"column":null}},"4":{"start":{"line":8,"column":6},"end":{"line":8,"column":40}},"5":{"start":{"line":5,"column":13},"end":{"line":5,"column":25}}},"fnMap":{"0":{"name":"(anonymous_0)","decl":{"start":{"line":5,"column":25},"end":{"line":5,"column":26}},"loc":{"start":{"line":6,"column":2},"end":{"line":9,"column":null}}},"1":{"name":"(anonymous_1)","decl":{"start":{"line":7,"column":21},"end":{"line":7,"column":22}},"loc":{"start":{"line":8,"column":6},"end":{"line":8,"column":40}}}},"branchMap":{},"s":{"0":1,"1":1,"2":1,"3":7,"4":33,"5":1},"f":{"0":7,"1":33},"b":{}}
,"D:\\pet-projects\\react-study\\React-study-rs-school\\src\\store\\data.ts": {"path":"D:\\pet-projects\\react-study\\React-study-rs-school\\src\\store\\data.ts","statementMap":{"0":{"start":{"line":1,"column":13},"end":{"line":353,"column":2}}},"fnMap":{},"branchMap":{},"s":{"0":1},"f":{},"b":{}}
,"D:\\pet-projects\\react-study\\React-study-rs-school\\src\\types\\enums\\classes.ts": {"path":"D:\\pet-projects\\react-study\\React-study-rs-school\\src\\types\\enums\\classes.ts","statementMap":{"0":{"start":{"line":1,"column":0},"end":{"line":1,"column":null}},"1":{"start":{"line":2,"column":2},"end":{"line":2,"column":null}},"2":{"start":{"line":5,"column":0},"end":{"line":5,"column":null}},"3":{"start":{"line":6,"column":2},"end":{"line":6,"column":null}},"4":{"start":{"line":7,"column":2},"end":{"line":7,"column":null}},"5":{"start":{"line":8,"column":2},"end":{"line":8,"column":null}},"6":{"start":{"line":9,"column":2},"end":{"line":9,"column":null}},"7":{"start":{"line":10,"column":2},"end":{"line":10,"column":null}},"8":{"start":{"line":11,"column":2},"end":{"line":11,"column":null}},"9":{"start":{"line":12,"column":2},"end":{"line":12,"column":null}},"10":{"start":{"line":15,"column":0},"end":{"line":15,"column":null}},"11":{"start":{"line":16,"column":2},"end":{"line":16,"column":null}}},"fnMap":{"0":{"name":"(anonymous_0)","decl":{"start":{"line":1,"column":0},"end":{"line":1,"column":18}},"loc":{"start":{"line":1,"column":31},"end":{"line":3,"column":1}}},"1":{"name":"(anonymous_1)","decl":{"start":{"line":5,"column":0},"end":{"line":5,"column":18}},"loc":{"start":{"line":5,"column":30},"end":{"line":13,"column":1}}},"2":{"name":"(anonymous_2)","decl":{"start":{"line":15,"column":0},"end":{"line":15,"column":18}},"loc":{"start":{"line":15,"column":28},"end":{"line":17,"column":1}}}},"branchMap":{"0":{"loc":{"start":{"line":1,"column":18},"end":{"line":1,"column":null}},"type":"binary-expr","locations":[{"start":{"line":1,"column":18},"end":{"line":1,"column":31}},{"start":{"line":1,"column":18},"end":{"line":1,"column":null}}]},"1":{"loc":{"start":{"line":5,"column":18},"end":{"line":5,"column":null}},"type":"binary-expr","locations":[{"start":{"line":5,"column":18},"end":{"line":5,"column":30}},{"start":{"line":5,"column":18},"end":{"line":5,"column":null}}]},"2":{"loc":{"start":{"line":15,"column":18},"end":{"line":15,"column":null}},"type":"binary-expr","locations":[{"start":{"line":15,"column":18},"end":{"line":15,"column":28}},{"start":{"line":15,"column":18},"end":{"line":15,"column":null}}]}},"s":{"0":1,"1":1,"2":1,"3":1,"4":1,"5":1,"6":1,"7":1,"8":1,"9":1,"10":1,"11":1},"f":{"0":1,"1":1,"2":1},"b":{"0":[1,1],"1":[1,1],"2":[1,1]}}
,"D:\\pet-projects\\react-study\\React-study-rs-school\\src\\types\\enums\\svg.ts": {"path":"D:\\pet-projects\\react-study\\React-study-rs-school\\src\\types\\enums\\svg.ts","statementMap":{"0":{"start":{"line":1,"column":0},"end":{"line":1,"column":null}},"1":{"start":{"line":2,"column":2},"end":{"line":2,"column":null}},"2":{"start":{"line":3,"column":2},"end":{"line":3,"column":null}}},"fnMap":{"0":{"name":"(anonymous_0)","decl":{"start":{"line":1,"column":0},"end":{"line":1,"column":18}},"loc":{"start":{"line":1,"column":23},"end":{"line":4,"column":1}}}},"branchMap":{"0":{"loc":{"start":{"line":1,"column":18},"end":{"line":1,"column":null}},"type":"binary-expr","locations":[{"start":{"line":1,"column":18},"end":{"line":1,"column":23}},{"start":{"line":1,"column":18},"end":{"line":1,"column":null}}]}},"s":{"0":1,"1":1,"2":1},"f":{"0":1},"b":{"0":[1,1]}}
,"D:\\pet-projects\\react-study\\React-study-rs-school\\src\\types\\enums\\types-components.ts": {"path":"D:\\pet-projects\\react-study\\React-study-rs-school\\src\\types\\enums\\types-components.ts","statementMap":{"0":{"start":{"line":1,"column":0},"end":{"line":1,"column":null}},"1":{"start":{"line":2,"column":2},"end":{"line":2,"column":null}},"2":{"start":{"line":3,"column":2},"end":{"line":3,"column":null}},"3":{"start":{"line":4,"column":2},"end":{"line":4,"column":null}},"4":{"start":{"line":5,"column":2},"end":{"line":5,"column":null}},"5":{"start":{"line":6,"column":2},"end":{"line":6,"column":null}},"6":{"start":{"line":7,"column":2},"end":{"line":7,"column":null}}},"fnMap":{"0":{"name":"(anonymous_0)","decl":{"start":{"line":1,"column":0},"end":{"line":1,"column":18}},"loc":{"start":{"line":1,"column":28},"end":{"line":8,"column":1}}}},"branchMap":{"0":{"loc":{"start":{"line":1,"column":18},"end":{"line":1,"column":null}},"type":"binary-expr","locations":[{"start":{"line":1,"column":18},"end":{"line":1,"column":28}},{"start":{"line":1,"column":18},"end":{"line":1,"column":null}}]}},"s":{"0":1,"1":1,"2":1,"3":1,"4":1,"5":1,"6":1},"f":{"0":1},"b":{"0":[1,1]}}
,"D:\\pet-projects\\react-study\\React-study-rs-school\\src\\utils\\helpers\\copy-elements.ts": {"path":"D:\\pet-projects\\react-study\\React-study-rs-school\\src\\utils\\helpers\\copy-elements.ts","statementMap":{"0":{"start":{"line":3,"column":28},"end":{"line":7,"column":1}},"1":{"start":{"line":4,"column":21},"end":{"line":4,"column":42}},"2":{"start":{"line":5,"column":15},"end":{"line":5,"column":53}},"3":{"start":{"line":6,"column":2},"end":{"line":6,"column":14}},"4":{"start":{"line":3,"column":13},"end":{"line":3,"column":28}}},"fnMap":{"0":{"name":"(anonymous_0)","decl":{"start":{"line":3,"column":28},"end":{"line":3,"column":29}},"loc":{"start":{"line":3,"column":52},"end":{"line":7,"column":1}}}},"branchMap":{},"s":{"0":1,"1":10,"2":10,"3":10,"4":1},"f":{"0":10},"b":{}}
,"D:\\pet-projects\\react-study\\React-study-rs-school\\src\\utils\\helpers\\local-storage-api.ts": {"path":"D:\\pet-projects\\react-study\\React-study-rs-school\\src\\utils\\helpers\\local-storage-api.ts","statementMap":{"0":{"start":{"line":1,"column":36},"end":{"line":1,"column":82}},"1":{"start":{"line":1,"column":42},"end":{"line":1,"column":82}},"2":{"start":{"line":1,"column":13},"end":{"line":1,"column":36}},"3":{"start":{"line":2,"column":35},"end":{"line":2,"column":95}},"4":{"start":{"line":2,"column":54},"end":{"line":2,"column":95}},"5":{"start":{"line":2,"column":13},"end":{"line":2,"column":35}}},"fnMap":{"0":{"name":"(anonymous_0)","decl":{"start":{"line":1,"column":36},"end":{"line":1,"column":39}},"loc":{"start":{"line":1,"column":42},"end":{"line":1,"column":82}}},"1":{"name":"(anonymous_1)","decl":{"start":{"line":2,"column":35},"end":{"line":2,"column":36}},"loc":{"start":{"line":2,"column":54},"end":{"line":2,"column":95}}}},"branchMap":{"0":{"loc":{"start":{"line":1,"column":42},"end":{"line":1,"column":82}},"type":"binary-expr","locations":[{"start":{"line":1,"column":42},"end":{"line":1,"column":76}},{"start":{"line":1,"column":80},"end":{"line":1,"column":82}}]}},"s":{"0":1,"1":14,"2":1,"3":1,"4":4,"5":1},"f":{"0":14,"1":4},"b":{"0":[14,14]}}
,"D:\\pet-projects\\react-study\\React-study-rs-school\\src\\utils\\helpers\\main.ts": {"path":"D:\\pet-projects\\react-study\\React-study-rs-school\\src\\utils\\helpers\\main.ts","statementMap":{"0":{"start":{"line":2,"column":0},"end":{"line":2,"column":50}},"1":{"start":{"line":3,"column":0},"end":{"line":3,"column":47}},"2":{"start":{"line":5,"column":33},"end":{"line":8,"column":1}},"3":{"start":{"line":6,"column":26},"end":{"line":6,"column":51}},"4":{"start":{"line":7,"column":2},"end":{"line":7,"column":50}},"5":{"start":{"line":5,"column":13},"end":{"line":5,"column":33}}},"fnMap":{"0":{"name":"(anonymous_0)","decl":{"start":{"line":5,"column":33},"end":{"line":5,"column":34}},"loc":{"start":{"line":5,"column":83},"end":{"line":8,"column":1}}}},"branchMap":{},"s":{"0":1,"1":1,"2":1,"3":3,"4":3,"5":1},"f":{"0":3},"b":{}}
,"D:\\pet-projects\\react-study\\React-study-rs-school\\src\\utils\\helpers\\search-components.ts": {"path":"D:\\pet-projects\\react-study\\React-study-rs-school\\src\\utils\\helpers\\search-components.ts","statementMap":{"0":{"start":{"line":3,"column":27},"end":{"line":6,"column":1}},"1":{"start":{"line":4,"column":23},"end":{"line":4,"column":100}},"2":{"start":{"line":4,"column":46},"end":{"line":4,"column":99}},"3":{"start":{"line":5,"column":2},"end":{"line":5,"column":22}},"4":{"start":{"line":3,"column":13},"end":{"line":3,"column":27}}},"fnMap":{"0":{"name":"(anonymous_0)","decl":{"start":{"line":3,"column":27},"end":{"line":3,"column":28}},"loc":{"start":{"line":3,"column":66},"end":{"line":6,"column":1}}},"1":{"name":"(anonymous_1)","decl":{"start":{"line":4,"column":36},"end":{"line":4,"column":37}},"loc":{"start":{"line":4,"column":46},"end":{"line":4,"column":99}}}},"branchMap":{},"s":{"0":1,"1":10,"2":60,"3":10,"4":1},"f":{"0":10,"1":60},"b":{}}
}
