{"D:\\pet-projects\\react-study\\React-study-rs-school\\src\\app\\index.tsx": {"path":"D:\\pet-projects\\react-study\\React-study-rs-school\\src\\app\\index.tsx","statementMap":{"0":{"start":{"line":1,"column":0},"end":{"line":1,"column":59}},"1":{"start":{"line":2,"column":0},"end":{"line":2,"column":53}},"2":{"start":{"line":3,"column":0},"end":{"line":3,"column":38}},"3":{"start":{"line":4,"column":0},"end":{"line":4,"column":34}},"4":{"start":{"line":5,"column":0},"end":{"line":5,"column":36}},"5":{"start":{"line":6,"column":0},"end":{"line":6,"column":46}},"6":{"start":{"line":7,"column":0},"end":{"line":7,"column":38}},"7":{"start":{"line":8,"column":0},"end":{"line":8,"column":48}},"8":{"start":{"line":9,"column":0},"end":{"line":9,"column":42}},"9":{"start":{"line":11,"column":19},"end":{"line":20,"column":null}},"10":{"start":{"line":12,"column":2},"end":{"line":19,"column":null}},"11":{"start":{"line":11,"column":13},"end":{"line":11,"column":19}}},"fnMap":{"0":{"name":"(anonymous_0)","decl":{"start":{"line":11,"column":19},"end":{"line":11,"column":22}},"loc":{"start":{"line":12,"column":2},"end":{"line":19,"column":null}}}},"branchMap":{},"s":{"0":1,"1":1,"2":1,"3":1,"4":1,"5":1,"6":1,"7":1,"8":1,"9":1,"10":3,"11":1},"f":{"0":3},"b":{}}
,"D:\\pet-projects\\react-study\\React-study-rs-school\\src\\components\\button\\index.tsx": {"path":"D:\\pet-projects\\react-study\\React-study-rs-school\\src\\components\\button\\index.tsx","statementMap":{"0":{"start":{"line":1,"column":0},"end":{"line":1,"column":28}},"1":{"start":{"line":3,"column":0},"end":{"line":3,"column":38}},"2":{"start":{"line":5,"column":22},"end":{"line":8,"column":null}},"3":{"start":{"line":6,"column":2},"end":{"line":7,"column":null}},"4":{"start":{"line":5,"column":13},"end":{"line":5,"column":22}}},"fnMap":{"0":{"name":"(anonymous_0)","decl":{"start":{"line":5,"column":22},"end":{"line":5,"column":23}},"loc":{"start":{"line":6,"column":2},"end":{"line":7,"column":null}}}},"branchMap":{},"s":{"0":2,"1":2,"2":2,"3":55,"4":2},"f":{"0":55},"b":{}}
,"D:\\pet-projects\\react-study\\React-study-rs-school\\src\\components\\card-form\\index.tsx": {"path":"D:\\pet-projects\\react-study\\React-study-rs-school\\src\\components\\card-form\\index.tsx","statementMap":{"0":{"start":{"line":1,"column":0},"end":{"line":1,"column":29}},"1":{"start":{"line":3,"column":0},"end":{"line":3,"column":28}},"2":{"start":{"line":4,"column":0},"end":{"line":4,"column":44}},"3":{"start":{"line":6,"column":13},"end":{"line":37,"column":3}},"4":{"start":{"line":7,"column":68},"end":{"line":7,"column":72}},"5":{"start":{"line":8,"column":22},"end":{"line":8,"column":70}},"6":{"start":{"line":9,"column":22},"end":{"line":9,"column":70}},"7":{"start":{"line":10,"column":2},"end":{"line":36,"column":4}},"8":{"start":{"line":39,"column":0},"end":{"line":39,"column":34}}},"fnMap":{"0":{"name":"(anonymous_0)","decl":{"start":{"line":6,"column":29},"end":{"line":6,"column":30}},"loc":{"start":{"line":6,"column":71},"end":{"line":37,"column":1}}}},"branchMap":{},"s":{"0":2,"1":2,"2":2,"3":2,"4":9,"5":9,"6":9,"7":9,"8":2},"f":{"0":9},"b":{}}
,"D:\\pet-projects\\react-study\\React-study-rs-school\\src\\components\\footer\\footer.tsx": {"path":"D:\\pet-projects\\react-study\\React-study-rs-school\\src\\components\\footer\\footer.tsx","statementMap":{"0":{"start":{"line":1,"column":0},"end":{"line":1,"column":41}},"1":{"start":{"line":3,"column":22},"end":{"line":8,"column":null}},"2":{"start":{"line":4,"column":2},"end":{"line":7,"column":null}},"3":{"start":{"line":3,"column":13},"end":{"line":3,"column":22}}},"fnMap":{"0":{"name":"(anonymous_0)","decl":{"start":{"line":3,"column":22},"end":{"line":3,"column":25}},"loc":{"start":{"line":4,"column":2},"end":{"line":7,"column":null}}}},"branchMap":{},"s":{"0":1,"1":1,"2":2,"3":1},"f":{"0":2},"b":{}}
,"D:\\pet-projects\\react-study\\React-study-rs-school\\src\\components\\form\\index.tsx": {"path":"D:\\pet-projects\\react-study\\React-study-rs-school\\src\\components\\form\\index.tsx","statementMap":{"0":{"start":{"line":1,"column":0},"end":{"line":1,"column":33}},"1":{"start":{"line":2,"column":0},"end":{"line":2,"column":42}},"2":{"start":{"line":3,"column":0},"end":{"line":3,"column":56}},"3":{"start":{"line":4,"column":0},"end":{"line":4,"column":41}},"4":{"start":{"line":5,"column":0},"end":{"line":5,"column":39}},"5":{"start":{"line":6,"column":0},"end":{"line":6,"column":43}},"6":{"start":{"line":7,"column":0},"end":{"line":7,"column":50}},"7":{"start":{"line":8,"column":0},"end":{"line":8,"column":58}},"8":{"start":{"line":9,"column":0},"end":{"line":9,"column":56}},"9":{"start":{"line":11,"column":0},"end":{"line":11,"column":50}},"10":{"start":{"line":12,"column":0},"end":{"line":12,"column":61}},"11":{"start":{"line":13,"column":0},"end":{"line":13,"column":51}},"12":{"start":{"line":14,"column":0},"end":{"line":14,"column":39}},"13":{"start":{"line":16,"column":20},"end":{"line":166,"column":1}},"14":{"start":{"line":17,"column":28},"end":{"line":17,"column":43}},"15":{"start":{"line":23,"column":6},"end":{"line":35,"column":4}},"16":{"start":{"line":37,"column":26},"end":{"line":43,"column":3}},"17":{"start":{"line":38,"column":4},"end":{"line":38,"column":22}},"18":{"start":{"line":38,"column":15},"end":{"line":38,"column":22}},"19":{"start":{"line":39,"column":4},"end":{"line":39,"column":30}},"20":{"start":{"line":39,"column":23},"end":{"line":39,"column":28}},"21":{"start":{"line":40,"column":4},"end":{"line":42,"column":13}},"22":{"start":{"line":41,"column":6},"end":{"line":41,"column":32}},"23":{"start":{"line":41,"column":25},"end":{"line":41,"column":30}},"24":{"start":{"line":45,"column":19},"end":{"line":55,"column":3}},"25":{"start":{"line":46,"column":32},"end":{"line":46,"column":36}},"26":{"start":{"line":47,"column":23},"end":{"line":47,"column":51}},"27":{"start":{"line":48,"column":4},"end":{"line":54,"column":null}},"28":{"start":{"line":49,"column":20},"end":{"line":49,"column":28}},"29":{"start":{"line":50,"column":24},"end":{"line":50,"column":71}},"30":{"start":{"line":51,"column":6},"end":{"line":51,"column":25}},"31":{"start":{"line":52,"column":6},"end":{"line":52,"column":24}},"32":{"start":{"line":53,"column":6},"end":{"line":53,"column":14}},"33":{"start":{"line":57,"column":18},"end":{"line":57,"column":41}},"34":{"start":{"line":57,"column":24},"end":{"line":57,"column":41}},"35":{"start":{"line":59,"column":2},"end":{"line":165,"column":4}},"36":{"start":{"line":16,"column":13},"end":{"line":16,"column":20}}},"fnMap":{"0":{"name":"(anonymous_0)","decl":{"start":{"line":16,"column":20},"end":{"line":16,"column":21}},"loc":{"start":{"line":16,"column":56},"end":{"line":166,"column":1}}},"1":{"name":"(anonymous_1)","decl":{"start":{"line":37,"column":26},"end":{"line":37,"column":29}},"loc":{"start":{"line":37,"column":31},"end":{"line":43,"column":3}}},"2":{"name":"(anonymous_2)","decl":{"start":{"line":39,"column":13},"end":{"line":39,"column":14}},"loc":{"start":{"line":39,"column":23},"end":{"line":39,"column":28}}},"3":{"name":"(anonymous_3)","decl":{"start":{"line":40,"column":15},"end":{"line":40,"column":18}},"loc":{"start":{"line":40,"column":20},"end":{"line":42,"column":5}}},"4":{"name":"(anonymous_4)","decl":{"start":{"line":41,"column":15},"end":{"line":41,"column":16}},"loc":{"start":{"line":41,"column":25},"end":{"line":41,"column":30}}},"5":{"name":"(anonymous_5)","decl":{"start":{"line":45,"column":19},"end":{"line":45,"column":20}},"loc":{"start":{"line":45,"column":35},"end":{"line":55,"column":3}}},"6":{"name":"(anonymous_6)","decl":{"start":{"line":57,"column":18},"end":{"line":57,"column":21}},"loc":{"start":{"line":57,"column":24},"end":{"line":57,"column":41}}}},"branchMap":{"0":{"loc":{"start":{"line":38,"column":4},"end":{"line":38,"column":22}},"type":"if","locations":[{"start":{"line":38,"column":4},"end":{"line":38,"column":22}}]},"1":{"loc":{"start":{"line":48,"column":4},"end":{"line":54,"column":null}},"type":"if","locations":[{"start":{"line":48,"column":4},"end":{"line":54,"column":null}}]},"2":{"loc":{"start":{"line":48,"column":8},"end":{"line":48,"column":62}},"type":"binary-expr","locations":[{"start":{"line":48,"column":8},"end":{"line":48,"column":33}},{"start":{"line":48,"column":37},"end":{"line":48,"column":62}}]},"3":{"loc":{"start":{"line":62,"column":7},"end":{"line":62,"column":56}},"type":"binary-expr","locations":[{"start":{"line":62,"column":7},"end":{"line":62,"column":12}},{"start":{"line":62,"column":16},"end":{"line":62,"column":56}}]},"4":{"loc":{"start":{"line":72,"column":11},"end":{"line":72,"column":67}},"type":"binary-expr","locations":[{"start":{"line":72,"column":11},"end":{"line":72,"column":27}},{"start":{"line":72,"column":31},"end":{"line":72,"column":67}}]},"5":{"loc":{"start":{"line":82,"column":11},"end":{"line":82,"column":66}},"type":"binary-expr","locations":[{"start":{"line":82,"column":11},"end":{"line":82,"column":26}},{"start":{"line":82,"column":30},"end":{"line":82,"column":66}}]},"6":{"loc":{"start":{"line":94,"column":11},"end":{"line":94,"column":66}},"type":"binary-expr","locations":[{"start":{"line":94,"column":11},"end":{"line":94,"column":26}},{"start":{"line":94,"column":30},"end":{"line":94,"column":66}}]},"7":{"loc":{"start":{"line":106,"column":11},"end":{"line":106,"column":68}},"type":"binary-expr","locations":[{"start":{"line":106,"column":11},"end":{"line":106,"column":25}},{"start":{"line":106,"column":29},"end":{"line":106,"column":68}}]},"8":{"loc":{"start":{"line":121,"column":11},"end":{"line":121,"column":67}},"type":"binary-expr","locations":[{"start":{"line":121,"column":11},"end":{"line":121,"column":23}},{"start":{"line":121,"column":27},"end":{"line":121,"column":67}}]},"9":{"loc":{"start":{"line":146,"column":11},"end":{"line":146,"column":66}},"type":"binary-expr","locations":[{"start":{"line":146,"column":11},"end":{"line":146,"column":24}},{"start":{"line":146,"column":28},"end":{"line":146,"column":66}}]},"10":{"loc":{"start":{"line":158,"column":11},"end":{"line":158,"column":63}},"type":"binary-expr","locations":[{"start":{"line":158,"column":11},"end":{"line":158,"column":23}},{"start":{"line":158,"column":27},"end":{"line":158,"column":63}}]}},"s":{"0":2,"1":2,"2":2,"3":2,"4":2,"5":2,"6":2,"7":2,"8":2,"9":2,"10":2,"11":2,"12":2,"13":2,"14":27,"15":27,"16":27,"17":17,"18":11,"19":6,"20":6,"21":6,"22":5,"23":4,"24":27,"25":9,"26":9,"27":9,"28":9,"29":9,"30":9,"31":9,"32":9,"33":27,"34":8,"35":27,"36":2},"f":{"0":27,"1":17,"2":6,"3":5,"4":4,"5":9,"6":8},"b":{"0":[11],"1":[9],"2":[9,9],"3":[27,17],"4":[27,3],"5":[27,3],"6":[27,4],"7":[27,5],"8":[27,6],"9":[27,7],"10":[27,8]}}
,"D:\\pet-projects\\react-study\\React-study-rs-school\\src\\components\\form-field\\form-label.tsx": {"path":"D:\\pet-projects\\react-study\\React-study-rs-school\\src\\components\\form-field\\form-label.tsx","statementMap":{"0":{"start":{"line":2,"column":0},"end":{"line":2,"column":44}},"1":{"start":{"line":9,"column":25},"end":{"line":13,"column":null}},"2":{"start":{"line":10,"column":2},"end":{"line":12,"column":null}},"3":{"start":{"line":9,"column":13},"end":{"line":9,"column":25}}},"fnMap":{"0":{"name":"(anonymous_0)","decl":{"start":{"line":9,"column":25},"end":{"line":9,"column":26}},"loc":{"start":{"line":10,"column":2},"end":{"line":12,"column":null}}}},"branchMap":{},"s":{"0":2,"1":2,"2":189,"3":2},"f":{"0":189},"b":{}}
,"D:\\pet-projects\\react-study\\React-study-rs-school\\src\\components\\form-field\\index.tsx": {"path":"D:\\pet-projects\\react-study\\React-study-rs-school\\src\\components\\form-field\\index.tsx","statementMap":{"0":{"start":{"line":2,"column":0},"end":{"line":2,"column":28}},"1":{"start":{"line":3,"column":0},"end":{"line":3,"column":44}},"2":{"start":{"line":5,"column":25},"end":{"line":20,"column":1}},"3":{"start":{"line":6,"column":26},"end":{"line":9,"column":4}},"4":{"start":{"line":10,"column":24},"end":{"line":13,"column":4}},"5":{"start":{"line":14,"column":2},"end":{"line":19,"column":4}},"6":{"start":{"line":17,"column":56},"end":{"line":17,"column":60}},"7":{"start":{"line":5,"column":13},"end":{"line":5,"column":25}}},"fnMap":{"0":{"name":"(anonymous_0)","decl":{"start":{"line":5,"column":25},"end":{"line":5,"column":26}},"loc":{"start":{"line":5,"column":78},"end":{"line":20,"column":1}}},"1":{"name":"(anonymous_1)","decl":{"start":{"line":17,"column":46},"end":{"line":17,"column":47}},"loc":{"start":{"line":17,"column":56},"end":{"line":17,"column":60}}}},"branchMap":{"0":{"loc":{"start":{"line":17,"column":7},"end":{"line":17,"column":72}},"type":"cond-expr","locations":[{"start":{"line":17,"column":33},"end":{"line":17,"column":61}},{"start":{"line":17,"column":64},"end":{"line":17,"column":72}}]}},"s":{"0":2,"1":2,"2":2,"3":162,"4":162,"5":162,"6":54,"7":2},"f":{"0":162,"1":54},"b":{"0":[27,135]}}
,"D:\\pet-projects\\react-study\\React-study-rs-school\\src\\components\\header\\header.tsx": {"path":"D:\\pet-projects\\react-study\\React-study-rs-school\\src\\components\\header\\header.tsx","statementMap":{"0":{"start":{"line":1,"column":0},"end":{"line":1,"column":40}},"1":{"start":{"line":2,"column":0},"end":{"line":2,"column":41}},"2":{"start":{"line":4,"column":22},"end":{"line":9,"column":null}},"3":{"start":{"line":5,"column":2},"end":{"line":8,"column":null}},"4":{"start":{"line":4,"column":13},"end":{"line":4,"column":22}}},"fnMap":{"0":{"name":"(anonymous_0)","decl":{"start":{"line":4,"column":22},"end":{"line":4,"column":25}},"loc":{"start":{"line":5,"column":2},"end":{"line":8,"column":null}}}},"branchMap":{},"s":{"0":1,"1":1,"2":1,"3":2,"4":1},"f":{"0":2},"b":{}}
,"D:\\pet-projects\\react-study\\React-study-rs-school\\src\\components\\hint\\index.tsx": {"path":"D:\\pet-projects\\react-study\\React-study-rs-school\\src\\components\\hint\\index.tsx","statementMap":{"0":{"start":{"line":1,"column":0},"end":{"line":1,"column":39}},"1":{"start":{"line":3,"column":20},"end":{"line":6,"column":null}},"2":{"start":{"line":4,"column":2},"end":{"line":5,"column":null}},"3":{"start":{"line":3,"column":13},"end":{"line":3,"column":20}}},"fnMap":{"0":{"name":"(anonymous_0)","decl":{"start":{"line":3,"column":20},"end":{"line":3,"column":21}},"loc":{"start":{"line":4,"column":2},"end":{"line":5,"column":null}}}},"branchMap":{},"s":{"0":2,"1":2,"2":36,"3":2},"f":{"0":36},"b":{}}
,"D:\\pet-projects\\react-study\\React-study-rs-school\\src\\components\\input\\index.tsx": {"path":"D:\\pet-projects\\react-study\\React-study-rs-school\\src\\components\\input\\index.tsx","statementMap":{"0":{"start":{"line":1,"column":0},"end":{"line":1,"column":49}},"1":{"start":{"line":2,"column":0},"end":{"line":2,"column":28}},"2":{"start":{"line":4,"column":0},"end":{"line":4,"column":40}},"3":{"start":{"line":6,"column":13},"end":{"line":13,"column":3}},"4":{"start":{"line":7,"column":57},"end":{"line":7,"column":62}},"5":{"start":{"line":8,"column":18},"end":{"line":11,"column":4}},"6":{"start":{"line":12,"column":2},"end":{"line":12,"column":86}},"7":{"start":{"line":14,"column":0},"end":{"line":14,"column":37}}},"fnMap":{"0":{"name":"(anonymous_0)","decl":{"start":{"line":6,"column":32},"end":{"line":6,"column":33}},"loc":{"start":{"line":6,"column":92},"end":{"line":13,"column":1}}}},"branchMap":{},"s":{"0":3,"1":3,"2":3,"3":3,"4":256,"5":256,"6":256,"7":3},"f":{"0":256},"b":{}}
,"D:\\pet-projects\\react-study\\React-study-rs-school\\src\\components\\navigation\\nav.tsx": {"path":"D:\\pet-projects\\react-study\\React-study-rs-school\\src\\components\\navigation\\nav.tsx","statementMap":{"0":{"start":{"line":1,"column":0},"end":{"line":1,"column":43}},"1":{"start":{"line":2,"column":0},"end":{"line":2,"column":52}},"2":{"start":{"line":3,"column":0},"end":{"line":3,"column":38}},"3":{"start":{"line":5,"column":19},"end":{"line":18,"column":null}},"4":{"start":{"line":6,"column":2},"end":{"line":17,"column":null}},"5":{"start":{"line":5,"column":13},"end":{"line":5,"column":19}}},"fnMap":{"0":{"name":"(anonymous_0)","decl":{"start":{"line":5,"column":19},"end":{"line":5,"column":22}},"loc":{"start":{"line":6,"column":2},"end":{"line":17,"column":null}}}},"branchMap":{},"s":{"0":1,"1":1,"2":1,"3":1,"4":2,"5":1},"f":{"0":2},"b":{}}
,"D:\\pet-projects\\react-study\\React-study-rs-school\\src\\components\\promt-form\\index.tsx": {"path":"D:\\pet-projects\\react-study\\React-study-rs-school\\src\\components\\promt-form\\index.tsx","statementMap":{"0":{"start":{"line":1,"column":0},"end":{"line":1,"column":50}},"1":{"start":{"line":2,"column":0},"end":{"line":2,"column":28}},"2":{"start":{"line":3,"column":0},"end":{"line":3,"column":51}},"3":{"start":{"line":5,"column":25},"end":{"line":13,"column":1}},"4":{"start":{"line":6,"column":18},"end":{"line":10,"column":4}},"5":{"start":{"line":11,"column":16},"end":{"line":11,"column":67}},"6":{"start":{"line":12,"column":2},"end":{"line":12,"column":44}},"7":{"start":{"line":5,"column":13},"end":{"line":5,"column":25}}},"fnMap":{"0":{"name":"(anonymous_0)","decl":{"start":{"line":5,"column":25},"end":{"line":5,"column":26}},"loc":{"start":{"line":5,"column":59},"end":{"line":13,"column":1}}}},"branchMap":{"0":{"loc":{"start":{"line":11,"column":16},"end":{"line":11,"column":67}},"type":"cond-expr","locations":[{"start":{"line":11,"column":24},"end":{"line":11,"column":45}},{"start":{"line":11,"column":48},"end":{"line":11,"column":67}}]}},"s":{"0":2,"1":2,"2":2,"3":2,"4":17,"5":17,"6":17,"7":2},"f":{"0":17},"b":{"0":[9,8]}}
,"D:\\pet-projects\\react-study\\React-study-rs-school\\src\\components\\select\\index.tsx": {"path":"D:\\pet-projects\\react-study\\React-study-rs-school\\src\\components\\select\\index.tsx","statementMap":{"0":{"start":{"line":1,"column":0},"end":{"line":1,"column":49}},"1":{"start":{"line":2,"column":0},"end":{"line":2,"column":28}},"2":{"start":{"line":4,"column":0},"end":{"line":4,"column":41}},"3":{"start":{"line":6,"column":13},"end":{"line":22,"column":3}},"4":{"start":{"line":7,"column":59},"end":{"line":7,"column":64}},"5":{"start":{"line":8,"column":18},"end":{"line":11,"column":4}},"6":{"start":{"line":12,"column":2},"end":{"line":21,"column":4}},"7":{"start":{"line":16,"column":10},"end":{"line":16,"column":null}},"8":{"start":{"line":23,"column":0},"end":{"line":23,"column":39}}},"fnMap":{"0":{"name":"(anonymous_0)","decl":{"start":{"line":6,"column":33},"end":{"line":6,"column":34}},"loc":{"start":{"line":6,"column":95},"end":{"line":22,"column":1}}},"1":{"name":"(anonymous_1)","decl":{"start":{"line":15,"column":19},"end":{"line":15,"column":20}},"loc":{"start":{"line":16,"column":10},"end":{"line":16,"column":null}}}},"branchMap":{"0":{"loc":{"start":{"line":14,"column":7},"end":{"line":19,"column":10}},"type":"binary-expr","locations":[{"start":{"line":14,"column":7},"end":{"line":14,"column":13}},{"start":{"line":15,"column":8},"end":{"line":19,"column":10}}]}},"s":{"0":2,"1":2,"2":2,"3":2,"4":27,"5":27,"6":27,"7":135,"8":2},"f":{"0":27,"1":135},"b":{"0":[27,27]}}
,"D:\\pet-projects\\react-study\\React-study-rs-school\\src\\components\\sprite\\sprite.tsx": {"path":"D:\\pet-projects\\react-study\\React-study-rs-school\\src\\components\\sprite\\sprite.tsx","statementMap":{"0":{"start":{"line":1,"column":0},"end":{"line":1,"column":29}},"1":{"start":{"line":3,"column":13},"end":{"line":18,"column":3}},"2":{"start":{"line":4,"column":2},"end":{"line":16,"column":null}},"3":{"start":{"line":20,"column":0},"end":{"line":20,"column":30}}},"fnMap":{"0":{"name":"(anonymous_0)","decl":{"start":{"line":3,"column":27},"end":{"line":3,"column":30}},"loc":{"start":{"line":4,"column":2},"end":{"line":16,"column":null}}}},"branchMap":{},"s":{"0":2,"1":2,"2":8,"3":2},"f":{"0":8},"b":{}}
,"D:\\pet-projects\\react-study\\React-study-rs-school\\src\\components\\svg\\index.tsx": {"path":"D:\\pet-projects\\react-study\\React-study-rs-school\\src\\components\\svg\\index.tsx","statementMap":{"0":{"start":{"line":2,"column":0},"end":{"line":2,"column":38}},"1":{"start":{"line":4,"column":19},"end":{"line":7,"column":null}},"2":{"start":{"line":5,"column":2},"end":{"line":6,"column":null}},"3":{"start":{"line":4,"column":13},"end":{"line":4,"column":19}}},"fnMap":{"0":{"name":"(anonymous_0)","decl":{"start":{"line":4,"column":19},"end":{"line":4,"column":20}},"loc":{"start":{"line":5,"column":2},"end":{"line":6,"column":null}}}},"branchMap":{},"s":{"0":2,"1":2,"2":55,"3":2},"f":{"0":55},"b":{}}
,"D:\\pet-projects\\react-study\\React-study-rs-school\\src\\pages\\about\\index.tsx": {"path":"D:\\pet-projects\\react-study\\React-study-rs-school\\src\\pages\\about\\index.tsx","statementMap":{"0":{"start":{"line":1,"column":0},"end":{"line":1,"column":40}},"1":{"start":{"line":3,"column":21},"end":{"line":6,"column":null}},"2":{"start":{"line":4,"column":2},"end":{"line":5,"column":null}},"3":{"start":{"line":3,"column":13},"end":{"line":3,"column":21}}},"fnMap":{"0":{"name":"(anonymous_0)","decl":{"start":{"line":3,"column":21},"end":{"line":3,"column":24}},"loc":{"start":{"line":4,"column":2},"end":{"line":5,"column":null}}}},"branchMap":{},"s":{"0":1,"1":1,"2":2,"3":1},"f":{"0":2},"b":{}}
,"D:\\pet-projects\\react-study\\React-study-rs-school\\src\\pages\\form\\index.tsx": {"path":"D:\\pet-projects\\react-study\\React-study-rs-school\\src\\pages\\form\\index.tsx","statementMap":{"0":{"start":{"line":1,"column":0},"end":{"line":1,"column":33}},"1":{"start":{"line":2,"column":0},"end":{"line":2,"column":39}},"2":{"start":{"line":4,"column":0},"end":{"line":4,"column":48}},"3":{"start":{"line":5,"column":0},"end":{"line":5,"column":39}},"4":{"start":{"line":7,"column":24},"end":{"line":31,"column":1}},"5":{"start":{"line":8,"column":28},"end":{"line":8,"column":61}},"6":{"start":{"line":9,"column":14},"end":{"line":9,"column":15}},"7":{"start":{"line":11,"column":21},"end":{"line":15,"column":3}},"8":{"start":{"line":12,"column":22},"end":{"line":12,"column":35}},"9":{"start":{"line":13,"column":4},"end":{"line":13,"column":27}},"10":{"start":{"line":14,"column":4},"end":{"line":14,"column":24}},"11":{"start":{"line":17,"column":2},"end":{"line":30,"column":4}},"12":{"start":{"line":25,"column":10},"end":{"line":25,"column":21}},"13":{"start":{"line":26,"column":10},"end":{"line":26,"column":54}},"14":{"start":{"line":7,"column":13},"end":{"line":7,"column":24}}},"fnMap":{"0":{"name":"(anonymous_0)","decl":{"start":{"line":7,"column":24},"end":{"line":7,"column":25}},"loc":{"start":{"line":7,"column":55},"end":{"line":31,"column":1}}},"1":{"name":"(anonymous_1)","decl":{"start":{"line":11,"column":21},"end":{"line":11,"column":22}},"loc":{"start":{"line":11,"column":51},"end":{"line":15,"column":3}}},"2":{"name":"(anonymous_2)","decl":{"start":{"line":24,"column":19},"end":{"line":24,"column":20}},"loc":{"start":{"line":24,"column":28},"end":{"line":27,"column":9}}}},"branchMap":{},"s":{"0":2,"1":2,"2":2,"3":2,"4":2,"5":16,"6":16,"7":16,"8":9,"9":9,"10":9,"11":16,"12":24,"13":24,"14":2},"f":{"0":16,"1":9,"2":24},"b":{}}
,"D:\\pet-projects\\react-study\\React-study-rs-school\\src\\pages\\layout\\index.tsx": {"path":"D:\\pet-projects\\react-study\\React-study-rs-school\\src\\pages\\layout\\index.tsx","statementMap":{"0":{"start":{"line":1,"column":0},"end":{"line":1,"column":50}},"1":{"start":{"line":2,"column":0},"end":{"line":2,"column":50}},"2":{"start":{"line":3,"column":0},"end":{"line":3,"column":42}},"3":{"start":{"line":4,"column":0},"end":{"line":4,"column":41}},"4":{"start":{"line":6,"column":22},"end":{"line":13,"column":null}},"5":{"start":{"line":7,"column":2},"end":{"line":12,"column":null}},"6":{"start":{"line":6,"column":13},"end":{"line":6,"column":22}}},"fnMap":{"0":{"name":"(anonymous_0)","decl":{"start":{"line":6,"column":22},"end":{"line":6,"column":25}},"loc":{"start":{"line":7,"column":2},"end":{"line":12,"column":null}}}},"branchMap":{},"s":{"0":1,"1":1,"2":1,"3":1,"4":1,"5":2,"6":1},"f":{"0":2},"b":{}}
,"D:\\pet-projects\\react-study\\React-study-rs-school\\src\\pages\\main\\index.tsx": {"path":"D:\\pet-projects\\react-study\\React-study-rs-school\\src\\pages\\main\\index.tsx","statementMap":{"0":{"start":{"line":1,"column":0},"end":{"line":1,"column":65}},"1":{"start":{"line":2,"column":0},"end":{"line":2,"column":41}},"2":{"start":{"line":3,"column":0},"end":{"line":3,"column":50}},"3":{"start":{"line":4,"column":0},"end":{"line":4,"column":51}},"4":{"start":{"line":5,"column":0},"end":{"line":5,"column":58}},"5":{"start":{"line":8,"column":0},"end":{"line":8,"column":59}},"6":{"start":{"line":9,"column":0},"end":{"line":9,"column":55}},"7":{"start":{"line":10,"column":0},"end":{"line":10,"column":92}},"8":{"start":{"line":11,"column":0},"end":{"line":11,"column":62}},"9":{"start":{"line":12,"column":0},"end":{"line":12,"column":52}},"10":{"start":{"line":13,"column":0},"end":{"line":13,"column":39}},"11":{"start":{"line":15,"column":20},"end":{"line":49,"column":1}},"12":{"start":{"line":16,"column":28},"end":{"line":20,"column":4}},"13":{"start":{"line":21,"column":27},"end":{"line":24,"column":3}},"14":{"start":{"line":22,"column":25},"end":{"line":22,"column":77}},"15":{"start":{"line":23,"column":4},"end":{"line":23,"column":82}},"16":{"start":{"line":26,"column":21},"end":{"line":26,"column":46}},"17":{"start":{"line":28,"column":2},"end":{"line":28,"column":69}},"18":{"start":{"line":28,"column":18},"end":{"line":28,"column":63}},"19":{"start":{"line":28,"column":24},"end":{"line":28,"column":63}},"20":{"start":{"line":30,"column":2},"end":{"line":32,"column":14}},"21":{"start":{"line":31,"column":4},"end":{"line":31,"column":43}},"22":{"start":{"line":34,"column":2},"end":{"line":48,"column":4}},"23":{"start":{"line":15,"column":13},"end":{"line":15,"column":20}}},"fnMap":{"0":{"name":"(anonymous_0)","decl":{"start":{"line":15,"column":20},"end":{"line":15,"column":21}},"loc":{"start":{"line":15,"column":52},"end":{"line":49,"column":1}}},"1":{"name":"(anonymous_1)","decl":{"start":{"line":21,"column":27},"end":{"line":21,"column":28}},"loc":{"start":{"line":21,"column":64},"end":{"line":24,"column":3}}},"2":{"name":"(anonymous_2)","decl":{"start":{"line":28,"column":12},"end":{"line":28,"column":15}},"loc":{"start":{"line":28,"column":18},"end":{"line":28,"column":63}}},"3":{"name":"(anonymous_3)","decl":{"start":{"line":28,"column":18},"end":{"line":28,"column":21}},"loc":{"start":{"line":28,"column":24},"end":{"line":28,"column":63}}},"4":{"name":"(anonymous_4)","decl":{"start":{"line":30,"column":12},"end":{"line":30,"column":15}},"loc":{"start":{"line":30,"column":17},"end":{"line":32,"column":3}}}},"branchMap":{},"s":{"0":2,"1":2,"2":2,"3":2,"4":2,"5":2,"6":2,"7":2,"8":2,"9":2,"10":2,"11":2,"12":12,"13":12,"14":4,"15":4,"16":12,"17":12,"18":8,"19":8,"20":12,"21":12,"22":12,"23":2},"f":{"0":12,"1":4,"2":8,"3":8,"4":12},"b":{}}
,"D:\\pet-projects\\react-study\\React-study-rs-school\\src\\pages\\main\\components\\Card\\index.tsx": {"path":"D:\\pet-projects\\react-study\\React-study-rs-school\\src\\pages\\main\\components\\Card\\index.tsx","statementMap":{"0":{"start":{"line":2,"column":0},"end":{"line":2,"column":47}},"1":{"start":{"line":3,"column":0},"end":{"line":3,"column":43}},"2":{"start":{"line":4,"column":0},"end":{"line":4,"column":55}},"3":{"start":{"line":5,"column":0},"end":{"line":5,"column":47}},"4":{"start":{"line":6,"column":0},"end":{"line":6,"column":39}},"5":{"start":{"line":8,"column":20},"end":{"line":24,"column":1}},"6":{"start":{"line":9,"column":48},"end":{"line":9,"column":52}},"7":{"start":{"line":10,"column":2},"end":{"line":23,"column":4}},"8":{"start":{"line":8,"column":13},"end":{"line":8,"column":20}}},"fnMap":{"0":{"name":"(anonymous_0)","decl":{"start":{"line":8,"column":20},"end":{"line":8,"column":21}},"loc":{"start":{"line":8,"column":45},"end":{"line":24,"column":1}}}},"branchMap":{},"s":{"0":2,"1":2,"2":2,"3":2,"4":2,"5":2,"6":55,"7":55,"8":2},"f":{"0":55},"b":{}}
,"D:\\pet-projects\\react-study\\React-study-rs-school\\src\\pages\\main\\components\\Card\\components\\about.tsx": {"path":"D:\\pet-projects\\react-study\\React-study-rs-school\\src\\pages\\main\\components\\Card\\components\\about.tsx","statementMap":{"0":{"start":{"line":2,"column":0},"end":{"line":2,"column":45}},"1":{"start":{"line":4,"column":25},"end":{"line":11,"column":null}},"2":{"start":{"line":5,"column":2},"end":{"line":10,"column":null}},"3":{"start":{"line":4,"column":13},"end":{"line":4,"column":25}}},"fnMap":{"0":{"name":"(anonymous_0)","decl":{"start":{"line":4,"column":25},"end":{"line":4,"column":26}},"loc":{"start":{"line":5,"column":2},"end":{"line":10,"column":null}}}},"branchMap":{},"s":{"0":2,"1":2,"2":55,"3":2},"f":{"0":55},"b":{}}
,"D:\\pet-projects\\react-study\\React-study-rs-school\\src\\pages\\main\\components\\Card\\components\\audio\\index.tsx": {"path":"D:\\pet-projects\\react-study\\React-study-rs-school\\src\\pages\\main\\components\\Card\\components\\audio\\index.tsx","statementMap":{"0":{"start":{"line":1,"column":0},"end":{"line":1,"column":43}},"1":{"start":{"line":2,"column":0},"end":{"line":2,"column":37}},"2":{"start":{"line":3,"column":0},"end":{"line":3,"column":34}},"3":{"start":{"line":4,"column":0},"end":{"line":4,"column":64}},"4":{"start":{"line":5,"column":0},"end":{"line":5,"column":40}},"5":{"start":{"line":7,"column":0},"end":{"line":7,"column":37}},"6":{"start":{"line":11,"column":4},"end":{"line":11,"column":17}},"7":{"start":{"line":12,"column":4},"end":{"line":14,"column":6}},"8":{"start":{"line":17,"column":16},"end":{"line":20,"column":3}},"9":{"start":{"line":18,"column":25},"end":{"line":18,"column":35}},"10":{"start":{"line":19,"column":4},"end":{"line":19,"column":43}},"11":{"start":{"line":23,"column":25},"end":{"line":23,"column":35}},"12":{"start":{"line":24,"column":4},"end":{"line":31,"column":6}},"13":{"start":{"line":9,"column":0},"end":{"line":9,"column":13}}},"fnMap":{"0":{"name":"(anonymous_0)","decl":{"start":{"line":10,"column":2},"end":{"line":10,"column":14}},"loc":{"start":{"line":10,"column":38},"end":{"line":15,"column":3}}},"1":{"name":"(anonymous_1)","decl":{"start":{"line":17,"column":16},"end":{"line":17,"column":19}},"loc":{"start":{"line":17,"column":21},"end":{"line":20,"column":3}}},"2":{"name":"(anonymous_2)","decl":{"start":{"line":22,"column":2},"end":{"line":22,"column":8}},"loc":{"start":{"line":22,"column":8},"end":{"line":32,"column":3}}}},"branchMap":{"0":{"loc":{"start":{"line":27,"column":19},"end":{"line":27,"column":54}},"type":"cond-expr","locations":[{"start":{"line":27,"column":30},"end":{"line":27,"column":41}},{"start":{"line":27,"column":44},"end":{"line":27,"column":54}}]}},"s":{"0":2,"1":2,"2":2,"3":2,"4":2,"5":2,"6":49,"7":49,"8":49,"9":0,"10":0,"11":55,"12":55,"13":2},"f":{"0":49,"1":0,"2":55},"b":{"0":[0,55]}}
,"D:\\pet-projects\\react-study\\React-study-rs-school\\src\\pages\\main\\components\\Card\\components\\control\\index.tsx": {"path":"D:\\pet-projects\\react-study\\React-study-rs-school\\src\\pages\\main\\components\\Card\\components\\control\\index.tsx","statementMap":{"0":{"start":{"line":1,"column":0},"end":{"line":1,"column":41}},"1":{"start":{"line":2,"column":0},"end":{"line":2,"column":51}},"2":{"start":{"line":3,"column":0},"end":{"line":3,"column":58}},"3":{"start":{"line":4,"column":0},"end":{"line":4,"column":42}},"4":{"start":{"line":6,"column":23},"end":{"line":13,"column":null}},"5":{"start":{"line":7,"column":2},"end":{"line":12,"column":null}},"6":{"start":{"line":6,"column":13},"end":{"line":6,"column":23}}},"fnMap":{"0":{"name":"(anonymous_0)","decl":{"start":{"line":6,"column":23},"end":{"line":6,"column":24}},"loc":{"start":{"line":7,"column":2},"end":{"line":12,"column":null}}}},"branchMap":{},"s":{"0":2,"1":2,"2":2,"3":2,"4":2,"5":55,"6":2},"f":{"0":55},"b":{}}
,"D:\\pet-projects\\react-study\\React-study-rs-school\\src\\pages\\main\\components\\Card\\components\\description\\index.tsx": {"path":"D:\\pet-projects\\react-study\\React-study-rs-school\\src\\pages\\main\\components\\Card\\components\\description\\index.tsx","statementMap":{"0":{"start":{"line":2,"column":0},"end":{"line":2,"column":46}},"1":{"start":{"line":4,"column":27},"end":{"line":4,"column":111}},"2":{"start":{"line":4,"column":66},"end":{"line":4,"column":111}},"3":{"start":{"line":4,"column":13},"end":{"line":4,"column":27}}},"fnMap":{"0":{"name":"(anonymous_0)","decl":{"start":{"line":4,"column":27},"end":{"line":4,"column":28}},"loc":{"start":{"line":4,"column":66},"end":{"line":4,"column":111}}}},"branchMap":{},"s":{"0":2,"1":2,"2":55,"3":2},"f":{"0":55},"b":{}}
,"D:\\pet-projects\\react-study\\React-study-rs-school\\src\\pages\\main\\components\\Card\\components\\image\\index.tsx": {"path":"D:\\pet-projects\\react-study\\React-study-rs-school\\src\\pages\\main\\components\\Card\\components\\image\\index.tsx","statementMap":{"0":{"start":{"line":2,"column":0},"end":{"line":2,"column":40}},"1":{"start":{"line":4,"column":25},"end":{"line":5,"column":null}},"2":{"start":{"line":5,"column":2},"end":{"line":5,"column":66}},"3":{"start":{"line":4,"column":13},"end":{"line":4,"column":25}}},"fnMap":{"0":{"name":"(anonymous_0)","decl":{"start":{"line":4,"column":25},"end":{"line":4,"column":26}},"loc":{"start":{"line":5,"column":2},"end":{"line":5,"column":66}}}},"branchMap":{},"s":{"0":2,"1":2,"2":55,"3":2},"f":{"0":55},"b":{}}
,"D:\\pet-projects\\react-study\\React-study-rs-school\\src\\pages\\main\\components\\card-block\\index.tsx": {"path":"D:\\pet-projects\\react-study\\React-study-rs-school\\src\\pages\\main\\components\\card-block\\index.tsx","statementMap":{"0":{"start":{"line":2,"column":0},"end":{"line":2,"column":45}},"1":{"start":{"line":3,"column":0},"end":{"line":3,"column":31}},"2":{"start":{"line":5,"column":25},"end":{"line":10,"column":null}},"3":{"start":{"line":6,"column":2},"end":{"line":9,"column":null}},"4":{"start":{"line":8,"column":6},"end":{"line":8,"column":40}},"5":{"start":{"line":5,"column":13},"end":{"line":5,"column":25}}},"fnMap":{"0":{"name":"(anonymous_0)","decl":{"start":{"line":5,"column":25},"end":{"line":5,"column":26}},"loc":{"start":{"line":6,"column":2},"end":{"line":9,"column":null}}},"1":{"name":"(anonymous_1)","decl":{"start":{"line":7,"column":21},"end":{"line":7,"column":22}},"loc":{"start":{"line":8,"column":6},"end":{"line":8,"column":40}}}},"branchMap":{},"s":{"0":2,"1":2,"2":2,"3":12,"4":55,"5":2},"f":{"0":12,"1":55},"b":{}}
,"D:\\pet-projects\\react-study\\React-study-rs-school\\src\\pages\\not-found\\Not-found.tsx": {"path":"D:\\pet-projects\\react-study\\React-study-rs-school\\src\\pages\\not-found\\Not-found.tsx","statementMap":{"0":{"start":{"line":1,"column":0},"end":{"line":1,"column":44}},"1":{"start":{"line":3,"column":24},"end":{"line":9,"column":null}},"2":{"start":{"line":4,"column":2},"end":{"line":8,"column":null}},"3":{"start":{"line":3,"column":13},"end":{"line":3,"column":24}}},"fnMap":{"0":{"name":"(anonymous_0)","decl":{"start":{"line":3,"column":24},"end":{"line":3,"column":27}},"loc":{"start":{"line":4,"column":2},"end":{"line":8,"column":null}}}},"branchMap":{},"s":{"0":1,"1":1,"2":1,"3":1},"f":{"0":1},"b":{}}
,"D:\\pet-projects\\react-study\\React-study-rs-school\\src\\store\\data.ts": {"path":"D:\\pet-projects\\react-study\\React-study-rs-school\\src\\store\\data.ts","statementMap":{"0":{"start":{"line":1,"column":13},"end":{"line":353,"column":2}}},"fnMap":{},"branchMap":{},"s":{"0":2},"f":{},"b":{}}
,"D:\\pet-projects\\react-study\\React-study-rs-school\\src\\store\\options.ts": {"path":"D:\\pet-projects\\react-study\\React-study-rs-school\\src\\store\\options.ts","statementMap":{"0":{"start":{"line":1,"column":13},"end":{"line":27,"column":2}}},"fnMap":{},"branchMap":{},"s":{"0":2},"f":{},"b":{}}
,"D:\\pet-projects\\react-study\\React-study-rs-school\\src\\types\\enums\\classes.ts": {"path":"D:\\pet-projects\\react-study\\React-study-rs-school\\src\\types\\enums\\classes.ts","statementMap":{"0":{"start":{"line":1,"column":0},"end":{"line":1,"column":null}},"1":{"start":{"line":2,"column":2},"end":{"line":2,"column":null}},"2":{"start":{"line":5,"column":0},"end":{"line":5,"column":null}},"3":{"start":{"line":6,"column":2},"end":{"line":6,"column":null}},"4":{"start":{"line":7,"column":2},"end":{"line":7,"column":null}},"5":{"start":{"line":8,"column":2},"end":{"line":8,"column":null}},"6":{"start":{"line":9,"column":2},"end":{"line":9,"column":null}},"7":{"start":{"line":10,"column":2},"end":{"line":10,"column":null}},"8":{"start":{"line":11,"column":2},"end":{"line":11,"column":null}},"9":{"start":{"line":12,"column":2},"end":{"line":12,"column":null}},"10":{"start":{"line":15,"column":0},"end":{"line":15,"column":null}},"11":{"start":{"line":16,"column":2},"end":{"line":16,"column":null}}},"fnMap":{"0":{"name":"(anonymous_0)","decl":{"start":{"line":1,"column":0},"end":{"line":1,"column":18}},"loc":{"start":{"line":1,"column":31},"end":{"line":3,"column":1}}},"1":{"name":"(anonymous_1)","decl":{"start":{"line":5,"column":0},"end":{"line":5,"column":18}},"loc":{"start":{"line":5,"column":30},"end":{"line":13,"column":1}}},"2":{"name":"(anonymous_2)","decl":{"start":{"line":15,"column":0},"end":{"line":15,"column":18}},"loc":{"start":{"line":15,"column":28},"end":{"line":17,"column":1}}}},"branchMap":{"0":{"loc":{"start":{"line":1,"column":18},"end":{"line":1,"column":null}},"type":"binary-expr","locations":[{"start":{"line":1,"column":18},"end":{"line":1,"column":31}},{"start":{"line":1,"column":18},"end":{"line":1,"column":null}}]},"1":{"loc":{"start":{"line":5,"column":18},"end":{"line":5,"column":null}},"type":"binary-expr","locations":[{"start":{"line":5,"column":18},"end":{"line":5,"column":30}},{"start":{"line":5,"column":18},"end":{"line":5,"column":null}}]},"2":{"loc":{"start":{"line":15,"column":18},"end":{"line":15,"column":null}},"type":"binary-expr","locations":[{"start":{"line":15,"column":18},"end":{"line":15,"column":28}},{"start":{"line":15,"column":18},"end":{"line":15,"column":null}}]}},"s":{"0":3,"1":3,"2":3,"3":3,"4":3,"5":3,"6":3,"7":3,"8":3,"9":3,"10":3,"11":3},"f":{"0":3,"1":3,"2":3},"b":{"0":[3,3],"1":[3,3],"2":[3,3]}}
,"D:\\pet-projects\\react-study\\React-study-rs-school\\src\\types\\enums\\form.ts": {"path":"D:\\pet-projects\\react-study\\React-study-rs-school\\src\\types\\enums\\form.ts","statementMap":{"0":{"start":{"line":1,"column":0},"end":{"line":1,"column":null}},"1":{"start":{"line":2,"column":2},"end":{"line":2,"column":null}},"2":{"start":{"line":3,"column":2},"end":{"line":3,"column":null}},"3":{"start":{"line":4,"column":2},"end":{"line":4,"column":null}},"4":{"start":{"line":5,"column":2},"end":{"line":5,"column":null}},"5":{"start":{"line":6,"column":2},"end":{"line":6,"column":null}},"6":{"start":{"line":7,"column":2},"end":{"line":7,"column":null}},"7":{"start":{"line":8,"column":2},"end":{"line":8,"column":null}},"8":{"start":{"line":11,"column":0},"end":{"line":11,"column":null}},"9":{"start":{"line":12,"column":2},"end":{"line":12,"column":null}},"10":{"start":{"line":13,"column":2},"end":{"line":13,"column":null}},"11":{"start":{"line":14,"column":2},"end":{"line":14,"column":null}},"12":{"start":{"line":15,"column":2},"end":{"line":15,"column":null}},"13":{"start":{"line":16,"column":2},"end":{"line":16,"column":null}},"14":{"start":{"line":17,"column":2},"end":{"line":17,"column":null}},"15":{"start":{"line":20,"column":0},"end":{"line":20,"column":null}},"16":{"start":{"line":21,"column":2},"end":{"line":21,"column":null}},"17":{"start":{"line":22,"column":2},"end":{"line":22,"column":null}}},"fnMap":{"0":{"name":"(anonymous_0)","decl":{"start":{"line":1,"column":0},"end":{"line":1,"column":18}},"loc":{"start":{"line":1,"column":28},"end":{"line":9,"column":1}}},"1":{"name":"(anonymous_1)","decl":{"start":{"line":11,"column":0},"end":{"line":11,"column":18}},"loc":{"start":{"line":11,"column":26},"end":{"line":18,"column":1}}},"2":{"name":"(anonymous_2)","decl":{"start":{"line":20,"column":0},"end":{"line":20,"column":18}},"loc":{"start":{"line":20,"column":32},"end":{"line":23,"column":1}}}},"branchMap":{"0":{"loc":{"start":{"line":1,"column":18},"end":{"line":1,"column":null}},"type":"binary-expr","locations":[{"start":{"line":1,"column":18},"end":{"line":1,"column":28}},{"start":{"line":1,"column":18},"end":{"line":1,"column":null}}]},"1":{"loc":{"start":{"line":11,"column":18},"end":{"line":11,"column":null}},"type":"binary-expr","locations":[{"start":{"line":11,"column":18},"end":{"line":11,"column":26}},{"start":{"line":11,"column":18},"end":{"line":11,"column":null}}]},"2":{"loc":{"start":{"line":20,"column":18},"end":{"line":20,"column":null}},"type":"binary-expr","locations":[{"start":{"line":20,"column":18},"end":{"line":20,"column":32}},{"start":{"line":20,"column":18},"end":{"line":20,"column":null}}]}},"s":{"0":2,"1":2,"2":2,"3":2,"4":2,"5":2,"6":2,"7":2,"8":2,"9":2,"10":2,"11":2,"12":2,"13":2,"14":2,"15":2,"16":2,"17":2},"f":{"0":2,"1":2,"2":2},"b":{"0":[2,2],"1":[2,2],"2":[2,2]}}
,"D:\\pet-projects\\react-study\\React-study-rs-school\\src\\types\\enums\\routers.ts": {"path":"D:\\pet-projects\\react-study\\React-study-rs-school\\src\\types\\enums\\routers.ts","statementMap":{"0":{"start":{"line":1,"column":0},"end":{"line":1,"column":null}},"1":{"start":{"line":2,"column":2},"end":{"line":2,"column":null}},"2":{"start":{"line":3,"column":2},"end":{"line":3,"column":null}},"3":{"start":{"line":4,"column":2},"end":{"line":4,"column":null}}},"fnMap":{"0":{"name":"(anonymous_0)","decl":{"start":{"line":1,"column":0},"end":{"line":1,"column":18}},"loc":{"start":{"line":1,"column":25},"end":{"line":5,"column":1}}}},"branchMap":{"0":{"loc":{"start":{"line":1,"column":18},"end":{"line":1,"column":null}},"type":"binary-expr","locations":[{"start":{"line":1,"column":18},"end":{"line":1,"column":25}},{"start":{"line":1,"column":18},"end":{"line":1,"column":null}}]}},"s":{"0":1,"1":1,"2":1,"3":1},"f":{"0":1},"b":{"0":[1,1]}}
,"D:\\pet-projects\\react-study\\React-study-rs-school\\src\\types\\enums\\svg.ts": {"path":"D:\\pet-projects\\react-study\\React-study-rs-school\\src\\types\\enums\\svg.ts","statementMap":{"0":{"start":{"line":1,"column":0},"end":{"line":1,"column":null}},"1":{"start":{"line":2,"column":2},"end":{"line":2,"column":null}},"2":{"start":{"line":3,"column":2},"end":{"line":3,"column":null}}},"fnMap":{"0":{"name":"(anonymous_0)","decl":{"start":{"line":1,"column":0},"end":{"line":1,"column":18}},"loc":{"start":{"line":1,"column":23},"end":{"line":4,"column":1}}}},"branchMap":{"0":{"loc":{"start":{"line":1,"column":18},"end":{"line":1,"column":null}},"type":"binary-expr","locations":[{"start":{"line":1,"column":18},"end":{"line":1,"column":23}},{"start":{"line":1,"column":18},"end":{"line":1,"column":null}}]}},"s":{"0":2,"1":2,"2":2},"f":{"0":2},"b":{"0":[2,2]}}
,"D:\\pet-projects\\react-study\\React-study-rs-school\\src\\types\\enums\\types-components.ts": {"path":"D:\\pet-projects\\react-study\\React-study-rs-school\\src\\types\\enums\\types-components.ts","statementMap":{"0":{"start":{"line":1,"column":0},"end":{"line":1,"column":null}},"1":{"start":{"line":2,"column":2},"end":{"line":2,"column":null}},"2":{"start":{"line":3,"column":2},"end":{"line":3,"column":null}},"3":{"start":{"line":4,"column":2},"end":{"line":4,"column":null}},"4":{"start":{"line":5,"column":2},"end":{"line":5,"column":null}},"5":{"start":{"line":6,"column":2},"end":{"line":6,"column":null}},"6":{"start":{"line":7,"column":2},"end":{"line":7,"column":null}}},"fnMap":{"0":{"name":"(anonymous_0)","decl":{"start":{"line":1,"column":0},"end":{"line":1,"column":18}},"loc":{"start":{"line":1,"column":28},"end":{"line":8,"column":1}}}},"branchMap":{"0":{"loc":{"start":{"line":1,"column":18},"end":{"line":1,"column":null}},"type":"binary-expr","locations":[{"start":{"line":1,"column":18},"end":{"line":1,"column":28}},{"start":{"line":1,"column":18},"end":{"line":1,"column":null}}]}},"s":{"0":3,"1":3,"2":3,"3":3,"4":3,"5":3,"6":3},"f":{"0":3},"b":{"0":[3,3]}}
,"D:\\pet-projects\\react-study\\React-study-rs-school\\src\\utils\\constants\\other.ts": {"path":"D:\\pet-projects\\react-study\\React-study-rs-school\\src\\utils\\constants\\other.ts","statementMap":{"0":{"start":{"line":1,"column":13},"end":{"line":1,"column":38}},"1":{"start":{"line":2,"column":13},"end":{"line":2,"column":29}},"2":{"start":{"line":3,"column":13},"end":{"line":3,"column":29}}},"fnMap":{},"branchMap":{},"s":{"0":3,"1":3,"2":3},"f":{},"b":{}}
,"D:\\pet-projects\\react-study\\React-study-rs-school\\src\\utils\\helpers\\copy-elements.ts": {"path":"D:\\pet-projects\\react-study\\React-study-rs-school\\src\\utils\\helpers\\copy-elements.ts","statementMap":{"0":{"start":{"line":3,"column":28},"end":{"line":7,"column":1}},"1":{"start":{"line":4,"column":21},"end":{"line":4,"column":42}},"2":{"start":{"line":5,"column":15},"end":{"line":5,"column":53}},"3":{"start":{"line":6,"column":2},"end":{"line":6,"column":14}},"4":{"start":{"line":3,"column":13},"end":{"line":3,"column":28}}},"fnMap":{"0":{"name":"(anonymous_0)","decl":{"start":{"line":3,"column":28},"end":{"line":3,"column":29}},"loc":{"start":{"line":3,"column":52},"end":{"line":7,"column":1}}}},"branchMap":{},"s":{"0":3,"1":17,"2":17,"3":17,"4":3},"f":{"0":17},"b":{}}
,"D:\\pet-projects\\react-study\\React-study-rs-school\\src\\utils\\helpers\\form.ts": {"path":"D:\\pet-projects\\react-study\\React-study-rs-school\\src\\utils\\helpers\\form.ts","statementMap":{"0":{"start":{"line":2,"column":0},"end":{"line":2,"column":86}},"1":{"start":{"line":4,"column":27},"end":{"line":4,"column":95}},"2":{"start":{"line":4,"column":48},"end":{"line":4,"column":94}},"3":{"start":{"line":4,"column":13},"end":{"line":4,"column":27}},"4":{"start":{"line":6,"column":31},"end":{"line":17,"column":1}},"5":{"start":{"line":7,"column":18},"end":{"line":7,"column":38}},"6":{"start":{"line":8,"column":28},"end":{"line":8,"column":69}},"7":{"start":{"line":9,"column":26},"end":{"line":9,"column":43}},"8":{"start":{"line":10,"column":2},"end":{"line":12,"column":null}},"9":{"start":{"line":11,"column":4},"end":{"line":11,"column":37}},"10":{"start":{"line":13,"column":2},"end":{"line":15,"column":null}},"11":{"start":{"line":14,"column":4},"end":{"line":14,"column":33}},"12":{"start":{"line":16,"column":2},"end":{"line":16,"column":52}},"13":{"start":{"line":6,"column":13},"end":{"line":6,"column":31}},"14":{"start":{"line":19,"column":34},"end":{"line":27,"column":1}},"15":{"start":{"line":20,"column":18},"end":{"line":20,"column":35}},"16":{"start":{"line":21,"column":2},"end":{"line":23,"column":null}},"17":{"start":{"line":22,"column":4},"end":{"line":22,"column":34}},"18":{"start":{"line":24,"column":20},"end":{"line":24,"column":49}},"19":{"start":{"line":25,"column":21},"end":{"line":25,"column":47}},"20":{"start":{"line":26,"column":2},"end":{"line":26,"column":20}},"21":{"start":{"line":19,"column":13},"end":{"line":19,"column":34}}},"fnMap":{"0":{"name":"(anonymous_0)","decl":{"start":{"line":4,"column":27},"end":{"line":4,"column":28}},"loc":{"start":{"line":4,"column":48},"end":{"line":4,"column":94}}},"1":{"name":"(anonymous_1)","decl":{"start":{"line":6,"column":31},"end":{"line":6,"column":32}},"loc":{"start":{"line":6,"column":54},"end":{"line":17,"column":1}}},"2":{"name":"(anonymous_2)","decl":{"start":{"line":19,"column":34},"end":{"line":19,"column":35}},"loc":{"start":{"line":19,"column":51},"end":{"line":27,"column":1}}}},"branchMap":{"0":{"loc":{"start":{"line":4,"column":48},"end":{"line":4,"column":94}},"type":"cond-expr","locations":[{"start":{"line":4,"column":56},"end":{"line":4,"column":87}},{"start":{"line":4,"column":90},"end":{"line":4,"column":94}}]},"1":{"loc":{"start":{"line":10,"column":2},"end":{"line":12,"column":null}},"type":"if","locations":[{"start":{"line":10,"column":2},"end":{"line":12,"column":null}}]},"2":{"loc":{"start":{"line":13,"column":2},"end":{"line":15,"column":null}},"type":"if","locations":[{"start":{"line":13,"column":2},"end":{"line":15,"column":null}}]},"3":{"loc":{"start":{"line":21,"column":2},"end":{"line":23,"column":null}},"type":"if","locations":[{"start":{"line":21,"column":2},"end":{"line":23,"column":null}}]}},"s":{"0":3,"1":3,"2":11,"3":3,"4":3,"5":11,"6":11,"7":11,"8":11,"9":1,"10":11,"11":1,"12":11,"13":3,"14":3,"15":9,"16":9,"17":0,"18":9,"19":9,"20":9,"21":3},"f":{"0":11,"1":11,"2":9},"b":{"0":[10,1],"1":[1],"2":[1],"3":[0]}}
,"D:\\pet-projects\\react-study\\React-study-rs-school\\src\\utils\\helpers\\local-storage-api.ts": {"path":"D:\\pet-projects\\react-study\\React-study-rs-school\\src\\utils\\helpers\\local-storage-api.ts","statementMap":{"0":{"start":{"line":1,"column":36},"end":{"line":1,"column":82}},"1":{"start":{"line":1,"column":42},"end":{"line":1,"column":82}},"2":{"start":{"line":1,"column":13},"end":{"line":1,"column":36}},"3":{"start":{"line":2,"column":35},"end":{"line":2,"column":95}},"4":{"start":{"line":2,"column":54},"end":{"line":2,"column":95}},"5":{"start":{"line":2,"column":13},"end":{"line":2,"column":35}}},"fnMap":{"0":{"name":"(anonymous_0)","decl":{"start":{"line":1,"column":36},"end":{"line":1,"column":39}},"loc":{"start":{"line":1,"column":42},"end":{"line":1,"column":82}}},"1":{"name":"(anonymous_1)","decl":{"start":{"line":2,"column":35},"end":{"line":2,"column":36}},"loc":{"start":{"line":2,"column":54},"end":{"line":2,"column":95}}}},"branchMap":{"0":{"loc":{"start":{"line":1,"column":42},"end":{"line":1,"column":82}},"type":"binary-expr","locations":[{"start":{"line":1,"column":42},"end":{"line":1,"column":76}},{"start":{"line":1,"column":80},"end":{"line":1,"column":82}}]}},"s":{"0":2,"1":25,"2":2,"3":2,"4":8,"5":2},"f":{"0":25,"1":8},"b":{"0":[25,22]}}
,"D:\\pet-projects\\react-study\\React-study-rs-school\\src\\utils\\helpers\\main.ts": {"path":"D:\\pet-projects\\react-study\\React-study-rs-school\\src\\utils\\helpers\\main.ts","statementMap":{"0":{"start":{"line":2,"column":0},"end":{"line":2,"column":50}},"1":{"start":{"line":3,"column":0},"end":{"line":3,"column":47}},"2":{"start":{"line":5,"column":33},"end":{"line":8,"column":1}},"3":{"start":{"line":6,"column":26},"end":{"line":6,"column":51}},"4":{"start":{"line":7,"column":2},"end":{"line":7,"column":50}},"5":{"start":{"line":5,"column":13},"end":{"line":5,"column":33}}},"fnMap":{"0":{"name":"(anonymous_0)","decl":{"start":{"line":5,"column":33},"end":{"line":5,"column":34}},"loc":{"start":{"line":5,"column":83},"end":{"line":8,"column":1}}}},"branchMap":{},"s":{"0":2,"1":2,"2":2,"3":4,"4":4,"5":2},"f":{"0":4},"b":{}}
,"D:\\pet-projects\\react-study\\React-study-rs-school\\src\\utils\\helpers\\search-components.ts": {"path":"D:\\pet-projects\\react-study\\React-study-rs-school\\src\\utils\\helpers\\search-components.ts","statementMap":{"0":{"start":{"line":3,"column":27},"end":{"line":6,"column":1}},"1":{"start":{"line":4,"column":23},"end":{"line":4,"column":100}},"2":{"start":{"line":4,"column":46},"end":{"line":4,"column":99}},"3":{"start":{"line":5,"column":2},"end":{"line":5,"column":22}},"4":{"start":{"line":3,"column":13},"end":{"line":3,"column":27}}},"fnMap":{"0":{"name":"(anonymous_0)","decl":{"start":{"line":3,"column":27},"end":{"line":3,"column":28}},"loc":{"start":{"line":3,"column":66},"end":{"line":6,"column":1}}},"1":{"name":"(anonymous_1)","decl":{"start":{"line":4,"column":36},"end":{"line":4,"column":37}},"loc":{"start":{"line":4,"column":46},"end":{"line":4,"column":99}}}},"branchMap":{},"s":{"0":3,"1":20,"2":112,"3":20,"4":3},"f":{"0":20,"1":112},"b":{}}
}
