TN:
SF:src\components\button\index.tsx
FN:5,(anonymous_0)
FNF:1
FNH:1
FNDA:33,(anonymous_0)
DA:1,1
DA:3,1
DA:5,1
DA:6,33
LF:4
LH:4
BRF:0
BRH:0
end_of_record
TN:
SF:src\components\input\index.tsx
FN:5,(anonymous_0)
FNF:1
FNH:1
FNDA:40,(anonymous_0)
DA:1,1
DA:3,1
DA:5,1
DA:6,40
LF:4
LH:4
BRF:0
BRH:0
end_of_record
TN:
SF:src\components\sprite\sprite.tsx
FN:1,(anonymous_0)
FNF:1
FNH:1
FNDA:7,(anonymous_0)
DA:1,1
DA:2,7
LF:2
LH:2
BRF:0
BRH:0
end_of_record
TN:
SF:src\components\svg\index.tsx
FN:4,(anonymous_0)
FNF:1
FNH:1
FNDA:33,(anonymous_0)
DA:2,1
DA:4,1
DA:5,33
LF:3
LH:3
BRF:0
BRH:0
end_of_record
TN:
SF:src\pages\main\Main.tsx
FN:15,(anonymous_0)
FN:27,(anonymous_1)
FN:32,(anonymous_2)
FN:37,(anonymous_3)
FN:43,(anonymous_4)
FNF:5
FNH:5
FNDA:4,(anonymous_0)
FNDA:4,(anonymous_1)
FNDA:3,(anonymous_2)
FNDA:3,(anonymous_3)
FNDA:7,(anonymous_4)
DA:1,1
DA:2,1
DA:3,1
DA:4,1
DA:5,1
DA:8,1
DA:9,1
DA:10,1
DA:11,1
DA:12,1
DA:14,1
DA:16,4
DA:17,4
DA:18,4
DA:19,4
DA:20,4
DA:28,4
DA:29,4
DA:32,4
DA:33,3
DA:34,3
DA:38,3
DA:39,3
DA:40,3
DA:44,7
DA:45,7
LF:26
LH:26
BRF:0
BRH:0
end_of_record
TN:
SF:src\pages\main\components\Card\index.tsx
FN:8,(anonymous_0)
FNF:1
FNH:1
FNDA:33,(anonymous_0)
DA:2,1
DA:3,1
DA:4,1
DA:5,1
DA:6,1
DA:8,1
DA:9,33
DA:10,33
LF:8
LH:8
BRF:0
BRH:0
end_of_record
TN:
SF:src\pages\main\components\Card\components\about.tsx
FN:4,(anonymous_0)
FNF:1
FNH:1
FNDA:33,(anonymous_0)
DA:2,1
DA:4,1
DA:5,33
LF:3
LH:3
BRF:0
BRH:0
end_of_record
TN:
SF:src\pages\main\components\Card\components\audio\index.tsx
FN:10,(anonymous_0)
FN:17,(anonymous_1)
FN:22,(anonymous_2)
FNF:3
FNH:2
FNDA:29,(anonymous_0)
FNDA:0,(anonymous_1)
FNDA:33,(anonymous_2)
DA:1,1
DA:2,1
DA:3,1
DA:4,1
DA:5,1
DA:7,1
DA:9,1
DA:11,29
DA:12,29
DA:17,29
DA:18,0
DA:19,0
DA:23,33
DA:24,33
LF:14
LH:12
BRDA:27,0,0,0
BRDA:27,0,1,33
BRF:2
BRH:1
end_of_record
TN:
SF:src\pages\main\components\Card\components\control\index.tsx
FN:6,(anonymous_0)
FNF:1
FNH:1
FNDA:33,(anonymous_0)
DA:1,1
DA:2,1
DA:3,1
DA:4,1
DA:6,1
DA:7,33
LF:6
LH:6
BRF:0
BRH:0
end_of_record
TN:
SF:src\pages\main\components\Card\components\description\index.tsx
FN:4,(anonymous_0)
FNF:1
FNH:1
FNDA:33,(anonymous_0)
DA:2,1
DA:4,33
LF:2
LH:2
BRF:0
BRH:0
end_of_record
TN:
SF:src\pages\main\components\Card\components\image\index.tsx
FN:4,(anonymous_0)
FNF:1
FNH:1
FNDA:33,(anonymous_0)
DA:2,1
DA:4,1
DA:5,33
LF:3
LH:3
BRF:0
BRH:0
end_of_record
TN:
SF:src\pages\main\components\card-block\index.tsx
FN:5,(anonymous_0)
FN:7,(anonymous_1)
FNF:2
FNH:2
FNDA:7,(anonymous_0)
FNDA:33,(anonymous_1)
DA:2,1
DA:3,1
DA:5,1
DA:6,7
DA:8,33
LF:5
LH:5
BRF:0
BRH:0
end_of_record
TN:
SF:src\store\data.ts
FNF:0
FNH:0
DA:1,1
LF:1
LH:1
BRF:0
BRH:0
end_of_record
TN:
SF:src\types\enums\classes.ts
FN:1,(anonymous_0)
FN:5,(anonymous_1)
FN:10,(anonymous_2)
FNF:3
FNH:3
FNDA:1,(anonymous_0)
FNDA:1,(anonymous_1)
FNDA:1,(anonymous_2)
DA:1,1
DA:2,1
DA:5,1
DA:6,1
DA:7,1
DA:10,1
DA:11,1
LF:7
LH:7
BRDA:1,0,0,1
BRDA:1,0,1,1
BRDA:5,1,0,1
BRDA:5,1,1,1
BRDA:10,2,0,1
BRDA:10,2,1,1
BRF:6
BRH:6
end_of_record
TN:
SF:src\types\enums\svg.ts
FN:1,(anonymous_0)
FNF:1
FNH:1
FNDA:1,(anonymous_0)
DA:1,1
DA:2,1
DA:3,1
LF:3
LH:3
BRDA:1,0,0,1
BRDA:1,0,1,1
BRF:2
BRH:2
end_of_record
TN:
SF:src\types\enums\types-components.ts
FN:1,(anonymous_0)
FNF:1
FNH:1
FNDA:1,(anonymous_0)
DA:1,1
DA:2,1
DA:3,1
LF:3
LH:3
BRDA:1,0,0,1
BRDA:1,0,1,1
BRF:2
BRH:2
end_of_record
TN:
SF:src\utils\helpers\copy-elements.ts
FN:3,(anonymous_0)
FNF:1
FNH:1
FNDA:7,(anonymous_0)
DA:3,1
DA:4,7
DA:5,7
DA:6,7
LF:4
LH:4
BRF:0
BRH:0
end_of_record
TN:
SF:src\utils\helpers\local-storage-api.ts
FN:1,(anonymous_0)
FN:2,(anonymous_1)
FNF:2
FNH:2
FNDA:4,(anonymous_0)
FNDA:4,(anonymous_1)
DA:1,4
DA:2,4
LF:2
LH:2
BRDA:1,0,0,4
BRDA:1,0,1,4
BRF:2
BRH:2
end_of_record
TN:
SF:src\utils\helpers\search-components.ts
FN:3,(anonymous_0)
FN:4,(anonymous_1)
FNF:2
FNH:2
FNDA:7,(anonymous_0)
FNDA:42,(anonymous_1)
DA:3,1
DA:4,42
DA:5,7
LF:3
LH:3
BRF:0
BRH:0
end_of_record
